INFO: command 'add'
INFO: command 'add'
INFO: command 'add'
INFO: command 'add'
INFO: command 'add'
INFO: command 'subtract'
INFO: command 'add'
INFO: command 'add'
INFO: command 'add'
INFO: command 'add'
INFO: command 'add'
INFO: command 'add'
INFO: command 'add'
INFO: command 'add'
INFO: command 'add'
INFO: command 'add'
INFO: command 'subtract'
INFO: command 'add'
INFO: command 'add'
WARNING: Unknown command '2'
INFO: command 'add'
INFO: command 'add'
INFO: command 'add'
INFO: command 'add'
INFO: command 'add'
INFO: command 'add'
INFO: command 'add'
INFO: command 'add'
INFO: command 'add'
INFO: command 'add'
INFO: command 'add'
INFO: command 'add'
INFO: command 'add'
INFO: command 'add'
INFO: command 'add'
INFO: command 'add'
INFO: command 'add'
INFO: command 'add'
INFO: command 'add'
INFO: command 'add'
INFO: command 'add'
INFO: command 'add'
WARNING: Unknown command 'ad'
WARNING: Unknown command '5'
INFO: command 'add'
INFO: command 'add'
INFO: command 'add'
INFO: command 'add'
INFO: command 'add'
INFO: command 'add'
INFO: command 'add'
INFO: command 'add'
INFO: command 'add'
INFO: command 'add'
INFO: command 'add'
INFO: command 'add'
INFO: command 'add'
INFO: command 'add'
INFO: command 'add'
INFO: command 'add'
INFO: command 'add'
INFO: command 'add'
INFO: command 'add'
INFO: command 'add'
INFO: command 'add'
INFO: command 'add'
INFO: command 'add'
INFO: command 'add'
INFO: command 'add'
INFO: command 'add'
INFO: command 'add'
INFO: command 'add'
INFO: command 'add'
INFO: command 'add'
INFO: command 'add'
INFO: command 'add'
INFO: command 'add'
INFO: command 'add'
INFO: command 'add'
INFO: command 'add'
INFO: command 'add'
INFO: command 'add'
INFO: command 'add'
INFO: command 'add'
INFO: command 'subtract'
INFO: command 'divide'
INFO: command 'add'
WARNING: Unknown command 'add   3'
WARNING: Unknown command 'add   4'
INFO: command 'add'
INFO: command 'add'
INFO: command 'add'
INFO: command 'add'
INFO: command 'add'
INFO: command 'add'
INFO: command 'add'
INFO: command 'add'
INFO: command 'add'
INFO: command 'add'
INFO: command 'add'
INFO: command 'add'
INFO: command 'add'
INFO: command 'add'
INFO: command 'add'
INFO: command 'add'
INFO: command 'add'
ERROR: History could not be loaded.
INFO: command 'add'
INFO: command 'add'
INFO: command 'add'
ERROR: History could not be loaded.
INFO: command 'add'
INFO: command 'add'
INFO: command 'add'
ERROR: History could not be loaded.
ERROR: History could not be loaded.
INFO: command 'add'
INFO: command 'add'
INFO: command 'add'
INFO: command 'add'
INFO: command 'multiply'
INFO: command 'add'
